# JRE version: OpenJDK Runtime Environment Temurin-17.0.7+7 (17.0.7+7) (build 17.0.7+7)
# Java VM: OpenJDK 64-Bit Server VM Temurin-17.0.7+7 (17.0.7+7, mixed mode, tiered, compressed oops, compressed class ptrs, g1 gc, windows-amd64)
GC Precious Log:
 CPUs: 4 total, 4 available
 Memory: 6605M
 Large Page Support: Disabled
 NUMA Support: Disabled
 Compressed Oops: Enabled (32-bit)
 Heap Region Size: 1M
 Heap Min Capacity: 8M
 Heap Initial Capacity: 104M
 Heap Max Capacity: 1652M
 Pre-touch: Disabled
 Parallel Workers: 4
 Concurrent Workers: 1
 Concurrent Refinement Workers: 4
 Periodic GC: Disabled
Heap:
 garbage-first heap   total 59392K, used 33931K [0x0000000098c00000, 0x0000000100000000)
  region size 1024K, 4 young (4096K), 1 survivors (1024K)
 Metaspace       used 40106K, committed 40448K, reserved 1114112K
  class space    used 4742K, committed 4928K, reserved 1048576K
GC Heap History (20 events):
Event: 6.982 GC heap before
{Heap before GC invocations=3 (full 0):
 garbage-first heap   total 106496K, used 16319K [0x0000000098c00000, 0x0000000100000000)
  region size 1024K, 11 young (11264K), 3 survivors (3072K)
 Metaspace       used 21314K, committed 21504K, reserved 1114112K
  class space    used 2223K, committed 2304K, reserved 1048576K
}
Event: 6.995 GC heap after
{Heap after GC invocations=4 (full 0):
 garbage-first heap   total 106496K, used 9569K [0x0000000098c00000, 0x0000000100000000)
  region size 1024K, 3 young (3072K), 3 survivors (3072K)
 Metaspace       used 21314K, committed 21504K, reserved 1114112K
  class space    used 2223K, committed 2304K, reserved 1048576K
}
Event: 8.825 GC heap before
{Heap before GC invocations=5 (full 0):
 garbage-first heap   total 34816K, used 24929K [0x0000000098c00000, 0x0000000100000000)
  region size 1024K, 19 young (19456K), 3 survivors (3072K)
 Metaspace       used 24953K, committed 25280K, reserved 1114112K
  class space    used 2727K, committed 2880K, reserved 1048576K
}
Event: 8.841 GC heap after
{Heap after GC invocations=6 (full 0):
 garbage-first heap   total 34816K, used 11145K [0x0000000098c00000, 0x0000000100000000)
  region size 1024K, 3 young (3072K), 3 survivors (3072K)
 Metaspace       used 24953K, committed 25280K, reserved 1114112K
  class space    used 2727K, committed 2880K, reserved 1048576K
}
Event: 9.064 GC heap before
{Heap before GC invocations=6 (full 0):
 garbage-first heap   total 34816K, used 12169K [0x0000000098c00000, 0x0000000100000000)
  region size 1024K, 4 young (4096K), 3 survivors (3072K)
 Metaspace       used 25132K, committed 25472K, reserved 1114112K
  class space    used 2758K, committed 2944K, reserved 1048576K
}
Event: 9.079 GC heap after
{Heap after GC invocations=7 (full 0):
 garbage-first heap   total 34816K, used 11218K [0x0000000098c00000, 0x0000000100000000)
  region size 1024K, 1 young (1024K), 1 survivors (1024K)
 Metaspace       used 25132K, committed 25472K, reserved 1114112K
  class space    used 2758K, committed 2944K, reserved 1048576K
}
Event: 9.964 GC heap before
{Heap before GC invocations=7 (full 0):
 garbage-first heap   total 34816K, used 20434K [0x0000000098c00000, 0x0000000100000000)
  region size 1024K, 11 young (11264K), 1 survivors (1024K)
 Metaspace       used 27356K, committed 27712K, reserved 1114112K
  class space    used 3082K, committed 3264K, reserved 1048576K
}
Event: 9.975 GC heap after
{Heap after GC invocations=8 (full 0):
 garbage-first heap   total 34816K, used 12159K [0x0000000098c00000, 0x0000000100000000)
  region size 1024K, 2 young (2048K), 2 survivors (2048K)
 Metaspace       used 27356K, committed 27712K, reserved 1114112K
  class space    used 3082K, committed 3264K, reserved 1048576K
}
Event: 10.730 GC heap before
{Heap before GC invocations=8 (full 0):
 garbage-first heap   total 34816K, used 22399K [0x0000000098c00000, 0x0000000100000000)
  region size 1024K, 12 young (12288K), 2 survivors (2048K)
 Metaspace       used 30271K, committed 30592K, reserved 1114112K
  class space    used 3479K, committed 3648K, reserved 1048576K
}
Event: 10.745 GC heap after
{Heap after GC invocations=9 (full 0):
 garbage-first heap   total 34816K, used 12883K [0x0000000098c00000, 0x0000000100000000)
  region size 1024K, 1 young (1024K), 1 survivors (1024K)
 Metaspace       used 30271K, committed 30592K, reserved 1114112K
  class space    used 3479K, committed 3648K, reserved 1048576K
}
Event: 11.771 GC heap before
{Heap before GC invocations=9 (full 0):
 garbage-first heap   total 34816K, used 24147K [0x0000000098c00000, 0x0000000100000000)
  region size 1024K, 12 young (12288K), 1 survivors (1024K)
 Metaspace       used 34237K, committed 34624K, reserved 1114112K
  class space    used 3917K, committed 4096K, reserved 1048576K
}
Event: 11.782 GC heap after
{Heap after GC invocations=10 (full 0):
 garbage-first heap   total 34816K, used 14712K [0x0000000098c00000, 0x0000000100000000)
  region size 1024K, 2 young (2048K), 2 survivors (2048K)
 Metaspace       used 34237K, committed 34624K, reserved 1114112K
  class space    used 3917K, committed 4096K, reserved 1048576K
}
Event: 12.019 GC heap before
{Heap before GC invocations=10 (full 0):
 garbage-first heap   total 34816K, used 17784K [0x0000000098c00000, 0x0000000100000000)
  region size 1024K, 6 young (6144K), 2 survivors (2048K)
 Metaspace       used 35590K, committed 35968K, reserved 1114112K
  class space    used 4058K, committed 4224K, reserved 1048576K
}
Event: 12.030 GC heap after
{Heap after GC invocations=11 (full 0):
 garbage-first heap   total 34816K, used 15279K [0x0000000098c00000, 0x0000000100000000)
  region size 1024K, 1 young (1024K), 1 survivors (1024K)
 Metaspace       used 35590K, committed 35968K, reserved 1114112K
  class space    used 4058K, committed 4224K, reserved 1048576K
}
Event: 15.045 GC heap before
{Heap before GC invocations=12 (full 0):
 garbage-first heap   total 34816K, used 24495K [0x0000000098c00000, 0x0000000100000000)
  region size 1024K, 10 young (10240K), 1 survivors (1024K)
 Metaspace       used 37496K, committed 37952K, reserved 1114112K
  class space    used 4378K, committed 4608K, reserved 1048576K
}
Event: 15.054 GC heap after
{Heap after GC invocations=13 (full 0):
 garbage-first heap   total 34816K, used 15962K [0x0000000098c00000, 0x0000000100000000)
  region size 1024K, 2 young (2048K), 2 survivors (2048K)
 Metaspace       used 37496K, committed 37952K, reserved 1114112K
  class space    used 4378K, committed 4608K, reserved 1048576K
}
Event: 15.106 GC heap before
{Heap before GC invocations=13 (full 0):
 garbage-first heap   total 34816K, used 16986K [0x0000000098c00000, 0x0000000100000000)
  region size 1024K, 3 young (3072K), 2 survivors (2048K)
 Metaspace       used 37574K, committed 38016K, reserved 1114112K
  class space    used 4392K, committed 4608K, reserved 1048576K
}
Event: 15.117 GC heap after
{Heap after GC invocations=14 (full 0):
 garbage-first heap   total 34816K, used 15810K [0x0000000098c00000, 0x0000000100000000)
  region size 1024K, 1 young (1024K), 1 survivors (1024K)
 Metaspace       used 37574K, committed 38016K, reserved 1114112K
  class space    used 4392K, committed 4608K, reserved 1048576K
}
Event: 16.224 GC heap before
{Heap before GC invocations=14 (full 0):
 garbage-first heap   total 34816K, used 25026K [0x0000000098c00000, 0x0000000100000000)
  region size 1024K, 10 young (10240K), 1 survivors (1024K)
 Metaspace       used 39736K, committed 40128K, reserved 1114112K
  class space    used 4689K, committed 4864K, reserved 1048576K
}
Event: 16.235 GC heap after
{Heap after GC invocations=15 (full 0):
 garbage-first heap   total 59392K, used 16523K [0x0000000098c00000, 0x0000000100000000)
  region size 1024K, 1 young (1024K), 1 survivors (1024K)
 Metaspace       used 39736K, committed 40128K, reserved 1114112K
  class space    used 4689K, committed 4864K, reserved 1048576K
}

